2025-10-26 14:02:05,056 | INFO     | Log file: out\seismic_validation_20251026_140205.log
2025-10-26 14:02:05,056 | INFO     | Initialized SigmaCSeismicValidator v1.0.0
2025-10-26 14:02:05,056 | INFO     | Seed: 42, Fast mode: True
2025-10-26 14:02:05,057 | INFO     | ======================================================================
2025-10-26 14:02:05,057 | INFO     | STARTING SEISMIC SIGMA_C VALIDATION
2025-10-26 14:02:05,057 | INFO     | ======================================================================
2025-10-26 14:02:05,057 | INFO     | 
[1/8] Fetching earthquake catalog...
2025-10-26 14:02:05,057 | INFO     | Skip download mode - loading from cache
2025-10-26 14:02:05,057 | INFO     | Loading cached catalog: cache\catalog_71b481ae.csv
2025-10-26 14:02:05,175 | INFO     | 
[2/8] Running H1_interior_peak...
2025-10-26 14:02:05,176 | INFO     | ======================================================================
2025-10-26 14:02:05,176 | INFO     | H1: INTERIOR PEAK DETECTION
2025-10-26 14:02:05,176 | INFO     | ======================================================================
2025-10-26 14:02:11,611 | INFO     |   Computing bootstrap CI (200 samples)...
2025-10-26 14:23:27,819 | INFO     | sigma_c = 4.022 [3.043, 4.413]
2025-10-26 14:23:27,819 | INFO     | kappa = 2.05
2025-10-26 14:23:27,820 | INFO     | Interior: True, p = 1.0000
2025-10-26 14:23:27,820 | INFO     | Status: PASSED
2025-10-26 14:23:27,820 | INFO     | 
[3/8] Running H2_sr_noise_enhancement...
2025-10-26 14:23:27,820 | INFO     | ======================================================================
2025-10-26 14:23:27,820 | INFO     | H2: SR-NOISE ENHANCEMENT
2025-10-26 14:23:27,820 | INFO     | ======================================================================
2025-10-26 14:23:34,219 | INFO     | Baseline AUC: 1.000 +/- 0.000
2025-10-26 14:23:34,219 | INFO     | SR AUC: 1.000 +/- 0.000
2025-10-26 14:23:34,219 | INFO     | Delta AUC: 0.000 [0.000, 0.000]
2025-10-26 14:23:34,220 | INFO     | p = 1.0000
2025-10-26 14:23:34,220 | INFO     | Status: FAILED
2025-10-26 14:23:34,220 | INFO     | 
[4/8] Running H3_temporal_scaling...
2025-10-26 14:23:34,220 | INFO     | ======================================================================
2025-10-26 14:23:34,220 | INFO     | H3: TEMPORAL SCALING
2025-10-26 14:23:34,220 | INFO     | ======================================================================
2025-10-26 14:23:34,221 | INFO     |   Window T = 30 days
2025-10-26 14:23:34,225 | ERROR    | Error in H3_temporal_scaling: '>=' not supported between instances of 'str' and 'Timestamp'
Traceback (most recent call last):
  File "d:\code\ver\sizemo\sigma_cize.py", line 1672, in run_validation
    result = test_func()
  File "d:\code\ver\sizemo\sigma_cize.py", line 811, in test_h3_temporal_scaling
    stress_field = self.compute_stress_proxy(
        self.catalog,
        resolution_km=10.0,
        time_window_days=T
    )
  File "d:\code\ver\sizemo\sigma_cize.py", line 339, in compute_stress_proxy
    catalog = catalog[catalog['time'] >= min_time].copy()
                      ^^^^^^^^^^^^^^^^^^^^^^^^^^^
  File "C:\Users\WurmMKG\AppData\Roaming\Python\Python313\site-packages\pandas\core\ops\common.py", line 76, in new_method
    return method(self, other)
  File "C:\Users\WurmMKG\AppData\Roaming\Python\Python313\site-packages\pandas\core\arraylike.py", line 60, in __ge__
    return self._cmp_method(other, operator.ge)
           ~~~~~~~~~~~~~~~~^^^^^^^^^^^^^^^^^^^^
  File "C:\Users\WurmMKG\AppData\Roaming\Python\Python313\site-packages\pandas\core\series.py", line 6119, in _cmp_method
    res_values = ops.comparison_op(lvalues, rvalues, op)
  File "C:\Users\WurmMKG\AppData\Roaming\Python\Python313\site-packages\pandas\core\ops\array_ops.py", line 344, in comparison_op
    res_values = comp_method_OBJECT_ARRAY(op, lvalues, rvalues)
  File "C:\Users\WurmMKG\AppData\Roaming\Python\Python313\site-packages\pandas\core\ops\array_ops.py", line 129, in comp_method_OBJECT_ARRAY
    result = libops.scalar_compare(x.ravel(), y, op)
  File "ops.pyx", line 107, in pandas._libs.ops.scalar_compare
TypeError: '>=' not supported between instances of 'str' and 'Timestamp'
2025-10-26 14:23:34,276 | INFO     | 
[5/8] Running H4_spatial_resolution...
2025-10-26 14:23:34,276 | INFO     | ======================================================================
2025-10-26 14:23:34,276 | INFO     | H4: SPATIAL RESOLUTION
2025-10-26 14:23:34,276 | INFO     | ======================================================================
2025-10-26 14:23:34,277 | INFO     |   Resolution R = 5 km
2025-10-26 14:23:40,667 | INFO     |     sigma_c(R=5) = 2.107
2025-10-26 14:23:40,667 | INFO     |   Resolution R = 10 km
2025-10-26 14:23:47,018 | INFO     |     sigma_c(R=10) = 3.714
2025-10-26 14:23:47,018 | INFO     |   Resolution R = 20 km
2025-10-26 14:23:53,355 | INFO     |     sigma_c(R=20) = 3.714
2025-10-26 14:23:53,355 | INFO     |   Resolution R = 30 km
2025-10-26 14:23:59,664 | INFO     |     sigma_c(R=30) = 4.036
2025-10-26 14:23:59,675 | INFO     | CV = 0.222 [0.000, 0.314]
2025-10-26 14:23:59,675 | INFO     | Mean sigma_c = 3.393 +/- 0.754
2025-10-26 14:23:59,676 | INFO     | p(CV >= 0.3) = 0.0300
2025-10-26 14:23:59,676 | INFO     | Status: PASSED
2025-10-26 14:23:59,676 | INFO     | 
[6/8] Running H5_magnitude_threshold...
2025-10-26 14:23:59,676 | INFO     | ======================================================================
2025-10-26 14:23:59,676 | INFO     | H5: MAGNITUDE THRESHOLD
2025-10-26 14:23:59,677 | INFO     | ======================================================================
2025-10-26 14:23:59,678 | INFO     |   Magnitude M >= 4.0: 488 events
2025-10-26 14:23:59,769 | INFO     |     sigma_c(M>=4.0) = 1.464
2025-10-26 14:23:59,770 | INFO     |   Magnitude M >= 4.5: 138 events
2025-10-26 14:23:59,805 | INFO     |     sigma_c(M>=4.5) = 2.750
2025-10-26 14:23:59,805 | INFO     |   Magnitude M >= 5.0: 39 events
2025-10-26 14:23:59,806 | WARNING  |     Insufficient events for M >= 5.0
2025-10-26 14:23:59,806 | INFO     |   Magnitude M >= 5.5: 15 events
2025-10-26 14:23:59,806 | WARNING  |     Insufficient events for M >= 5.5
2025-10-26 14:23:59,807 | INFO     |   Magnitude M >= 6.0: 6 events
2025-10-26 14:23:59,807 | WARNING  |     Insufficient events for M >= 6.0
2025-10-26 14:23:59,807 | WARNING  | Insufficient valid magnitude thresholds
2025-10-26 14:23:59,807 | INFO     | 
[7/8] Running H6_cross_validation...
2025-10-26 14:23:59,807 | INFO     | ======================================================================
2025-10-26 14:23:59,807 | INFO     | H6: CROSS-VALIDATION CONSISTENCY
2025-10-26 14:23:59,807 | INFO     | ======================================================================
2025-10-26 14:23:59,825 | INFO     |   Fold 1: 6973 training events
2025-10-26 14:24:00,892 | INFO     |     sigma_c = 2.750
2025-10-26 14:24:00,893 | INFO     |   Fold 2: 13944 training events
2025-10-26 14:24:03,044 | INFO     |     sigma_c = 3.714
2025-10-26 14:24:03,047 | INFO     |   Fold 3: 20915 training events
2025-10-26 14:24:06,250 | INFO     |     sigma_c = 3.714
2025-10-26 14:24:06,254 | INFO     |   Fold 4: 27886 training events
2025-10-26 14:24:10,499 | INFO     |     sigma_c = 3.714
2025-10-26 14:24:10,503 | INFO     |   Fold 5: 34857 training events
2025-10-26 14:24:15,802 | INFO     |     sigma_c = 3.714
2025-10-26 14:24:15,812 | INFO     | CV = 0.110 [0.000, 0.151]
2025-10-26 14:24:15,813 | INFO     | Mean sigma_c = 3.521 +/- 0.386
2025-10-26 14:24:15,813 | INFO     | Folds: 5
2025-10-26 14:24:15,813 | INFO     | Status: PASSED
2025-10-26 14:24:15,816 | INFO     | 
[8/8] Saving results...
2025-10-26 14:24:15,818 | INFO     | Results saved: out\seismic_validation_results.json
2025-10-26 14:24:15,849 | INFO     | Manifest saved: out\manifest.csv
2025-10-26 14:24:15,849 | INFO     | LaTeX table saved: out\results_table.tex
2025-10-26 14:24:15,849 | INFO     | 
Total runtime: 22.2 minutes
